Added Component: Designator=T1(TTL)
Add component (AddParameter): Name = "ComponentLink1 Description"; Value = "Manufacturer"; VariantName = "[No Variations]"
Add component (AddParameter): Name = "ComponentLink1URL"; Value = "http://www.we-online.com"; VariantName = "[No Variations]"
Add component (AddParameter): Name = "ComponentLink2 Description"; Value = "Datasheet"; VariantName = "[No Variations]"
Add component (AddParameter): Name = "ComponentLink2URL"; Value = "http://katalog.we-online.de/em/datasheet/6130xx21821.pdf"; VariantName = "[No Variations]"
Add component (AddParameter): Name = "Created by"; Value = "Karrer Zheng"; VariantName = "[No Variations]"
Add component (AddParameter): Name = "Created Date"; Value = "29 March 2013"; VariantName = "[No Variations]"
Add component (AddParameter): Name = "Manufacturer"; Value = "W¨¹rth Elektronik eiSos GmbH"; VariantName = "[No Variations]"
Add component (AddParameter): Name = "NoPins"; Value = "12"; VariantName = "[No Variations]"
Add component (AddParameter): Name = "partNo"; Value = "61301221821"; VariantName = "[No Variations]"
Added Component: Designator=U2(Module ESP 8266_min)
Added Pin To Net: NetName=RX_ESP Pin=T1-1
Added Pin To Net: NetName=TX_ESP Pin=T1-2
Added Pin To Net: NetName=V_3V3 Pin=T1-3
Added Pin To Net: NetName=GND Pin=T1-4
Added Pin To Net: NetName=GND Pin=T1-9
Added Pin To Net: NetName=5V Pin=T1-10
Added Pin To Net: NetName=RX_2 Pin=T1-11
Added Pin To Net: NetName=TX_2 Pin=T1-12
Added Pin To Net: NetName=GND Pin=U2-14
Added Pin To Net: NetName=5V Pin=U2-15
Added Pin To Net: NetName=GND Pin=U2-17
Added Pin To Net: NetName=TX_ESP Pin=U2-18
Added Pin To Net: NetName=RX_ESP Pin=U2-19
Added Pin To Net: NetName=L2 Pin=U2-21
Added Pin To Net: NetName=L1 Pin=U2-22
Added Member To Class: ClassName=Master Member=Component T1 TTL
Added Member To Class: ClassName=Master Member=Component U2 V12 min
Added Room: Name=Master
