Removed Pin From Net: NetName=RX_ESP Pin=T1-5
Removed Pin From Net: NetName=TX_ESP Pin=T1-6
Removed Pin From Net: NetName=RX_2 Pin=T1-7
Removed Pin From Net: NetName=TX_2 Pin=T1-8
Removed Pin From Net: NetName=L2 Pin=U2-26
Removed Pin From Net: NetName=L1 Pin=U2-27
Change Component Footprint: Designator=R2 Old Footprint=RES-1/4WD New Footprint=RES-1/4W
Change Component Footprint: Designator=R3 Old Footprint=RES-1/4WD New Footprint=RES-1/4W
Change Component Footprint: Designator=R4 Old Footprint=RES-1/4WD New Footprint=RES-1/4W
Change Component Designator: OldDesignator=C1 NewDesignator=C2
Change Component Designator: OldDesignator=C2 NewDesignator=C4
Change Component Designator: OldDesignator=C3 NewDesignator=C5
Change Component Designator: OldDesignator=C4 NewDesignator=C6
Change Component Designator: OldDesignator=C5 NewDesignator=C7
Change Component Designator: OldDesignator=C6 NewDesignator=C8
Change Component Designator: OldDesignator=C7 NewDesignator=C9
Change Component Designator: OldDesignator=C8 NewDesignator=C10
Change Component Designator: OldDesignator=C9 NewDesignator=C11
Added Component: Designator=C1(CN1.5)
Add component (AddParameter): Name = "Value"; Value = "33pF"; VariantName = "[No Variations]"
Added Component: Designator=C3(CN1.5)
Add component (AddParameter): Name = "Value"; Value = "33pF"; VariantName = "[No Variations]"
Added Pin To Net: NetName=GND Pin=C1-1
Added Pin To Net: NetName=+5 Pin=C1-2
Added Pin To Net: NetName=GND Pin=C3-1
Added Pin To Net: NetName=+5 Pin=C3-2
Added Pin To Net: NetName=L2 Pin=U2-21
Added Pin To Net: NetName=L1 Pin=U2-22
Added Member To Class: ClassName=Master Member=Component C10 1000uF
Added Member To Class: ClassName=Master Member=Component C11 100uF
Added Room: Name=Master
