Change Component Designator: Old Designator=C1 New Designator=C6
Change Component Designator: Old Designator=C2 New Designator=C1
Change Component Designator: Old Designator=C3 New Designator=C2
Change Component Designator: Old Designator=C4 New Designator=C3
Change Component Designator: Old Designator=C5 New Designator=C4
Change Component Designator: Old Designator=C6 New Designator=C5
Change Component Designator: Old Designator=D? New Designator=D3
Change Component Designator: Old Designator=D? New Designator=D4
Change Component Designator: Old Designator=J1 New Designator=J5
Change Component Designator: Old Designator=J2 New Designator=J4
Change Component Designator: Old Designator=J4 New Designator=J3
Change Component Designator: Old Designator=J6 New Designator=J1
Change Component Designator: Old Designator=J? New Designator=J2
Change Component Designator: Old Designator=LED1 New Designator=LED3
Change Component Designator: Old Designator=LED2 New Designator=LED1
Change Component Designator: Old Designator=LED? New Designator=LED2
Change Component Designator: Old Designator=Q? New Designator=Q2
Change Component Designator: Old Designator=Q? New Designator=Q3
Change Component Designator: Old Designator=R2 New Designator=R3
Change Component Designator: Old Designator=R3 New Designator=R5
Change Component Designator: Old Designator=R4 New Designator=R6
Change Component Designator: Old Designator=R5 New Designator=R9
Change Component Designator: Old Designator=R6 New Designator=R12
Change Component Designator: Old Designator=R7 New Designator=R2
Change Component Designator: Old Designator=R8 New Designator=R4
Change Component Designator: Old Designator=R? New Designator=R7
Change Component Designator: Old Designator=R? New Designator=R8
Change Component Designator: Old Designator=R? New Designator=R10
Change Component Designator: Old Designator=R? New Designator=R11
Change Component Designator: Old Designator=RL? New Designator=RL2
