Added Component: Designator=Arduino1(Arduino Nano)
Add component (AddParameter): Name = "Value"; Value = "Cau 1A"; VariantName = "[No Variations]"
Added Component: Designator=C1(CN1.5)
Add component (AddParameter): Name = "Value"; Value = "33pF"; VariantName = "[No Variations]"
Added Component: Designator=C2(CN1.5)
Add component (AddParameter): Name = "Value"; Value = "33pF"; VariantName = "[No Variations]"
Added Component: Designator=C3(CN1.5)
Add component (AddParameter): Name = "Value"; Value = "33pF"; VariantName = "[No Variations]"
Added Component: Designator=C4(CA-ALU-5)
Add component (AddParameter): Name = "LatestRevisionDate"; Value = "17-Jul-2002"; VariantName = "[No Variations]"
Add component (AddParameter): Name = "LatestRevisionNote"; Value = "Re-released for DXP Platform."; VariantName = "[No Variations]"
Add component (AddParameter): Name = "PackageReference"; Value = "C1206"; VariantName = "[No Variations]"
Add component (AddParameter): Name = "Publisher"; Value = "Altium Limited"; VariantName = "[No Variations]"
Add component (AddParameter): Name = "Value"; Value = "104"; VariantName = "[No Variations]"
Added Component: Designator=C5(CN1.5)
Add component (AddParameter): Name = "Value"; Value = "33pF"; VariantName = "[No Variations]"
Added Component: Designator=C6(CA-ALU-5)
Add component (AddParameter): Name = "LatestRevisionDate"; Value = "17-Jul-2002"; VariantName = "[No Variations]"
Add component (AddParameter): Name = "LatestRevisionNote"; Value = "Re-released for DXP Platform."; VariantName = "[No Variations]"
Add component (AddParameter): Name = "PackageReference"; Value = "C1206"; VariantName = "[No Variations]"
Add component (AddParameter): Name = "Publisher"; Value = "Altium Limited"; VariantName = "[No Variations]"
Add component (AddParameter): Name = "Value"; Value = "104"; VariantName = "[No Variations]"
Added Component: Designator=C7(CN1.5)
Add component (AddParameter): Name = "Value"; Value = "33pF"; VariantName = "[No Variations]"
Added Component: Designator=C8(CN1.5)
Add component (AddParameter): Name = "Value"; Value = "33pF"; VariantName = "[No Variations]"
Added Component: Designator=C9(CN1.5)
Add component (AddParameter): Name = "Value"; Value = "33pF"; VariantName = "[No Variations]"
Added Component: Designator=C10(CA-ALU-6.3)
Add component (AddParameter): Name = "LatestRevisionDate"; Value = "17-Jul-2002"; VariantName = "[No Variations]"
Add component (AddParameter): Name = "LatestRevisionNote"; Value = "Re-released for DXP Platform."; VariantName = "[No Variations]"
Add component (AddParameter): Name = "PackageReference"; Value = "C1206"; VariantName = "[No Variations]"
Add component (AddParameter): Name = "Publisher"; Value = "Altium Limited"; VariantName = "[No Variations]"
Add component (AddParameter): Name = "Value"; Value = "104"; VariantName = "[No Variations]"
Added Component: Designator=C11(CA-ALU-5)
Add component (AddParameter): Name = "LatestRevisionDate"; Value = "17-Jul-2002"; VariantName = "[No Variations]"
Add component (AddParameter): Name = "LatestRevisionNote"; Value = "Re-released for DXP Platform."; VariantName = "[No Variations]"
Add component (AddParameter): Name = "PackageReference"; Value = "C1206"; VariantName = "[No Variations]"
Add component (AddParameter): Name = "Publisher"; Value = "Altium Limited"; VariantName = "[No Variations]"
Add component (AddParameter): Name = "Value"; Value = "104"; VariantName = "[No Variations]"
Added Component: Designator=IC1(TO220-123)
Add component (AddParameter): Name = "ComponentLink1Description"; Value = "Manufacturer Link"; VariantName = "[No Variations]"
Add component (AddParameter): Name = "ComponentLink1URL"; Value = "http://www.st.com/"; VariantName = "[No Variations]"
Add component (AddParameter): Name = "ComponentLink2Description"; Value = "Datasheet"; VariantName = "[No Variations]"
Add component (AddParameter): Name = "ComponentLink2URL"; Value = "http://www.st.com/stonline/products/literature/ds/2146/l78m05c.pdf"; VariantName = "[No Variations]"
Add component (AddParameter): Name = "DatasheetVersion"; Value = "Apr-1994"; VariantName = "[No Variations]"
Add component (AddParameter): Name = "LatestRevisionDate"; Value = "17-Jul-2002"; VariantName = "[No Variations]"
Add component (AddParameter): Name = "LatestRevisionNote"; Value = "Re-released for DXP Platform."; VariantName = "[No Variations]"
Add component (AddParameter): Name = "Note"; Value = "Tab is connected to pin 3 (GND)."; VariantName = "[No Variations]"
Add component (AddParameter): Name = "PackageDescription"; Value = "TO, Thru-Hole, Vertical, Heatsink Mounted; 3 In-Line Leads; Pitch 2.54 mm; Pin sequence 1, 3, 2"; VariantName = "[No Variations]"
Add component (AddParameter): Name = "PackageReference"; Value = "ISOWATT220AB"; VariantName = "[No Variations]"
Add component (AddParameter): Name = "PackageVersion"; Value = "Jul-1998"; VariantName = "[No Variations]"
Add component (AddParameter): Name = "Published"; Value = "24-Aug-2001"; VariantName = "[No Variations]"
Add component (AddParameter): Name = "Publisher"; Value = "Altium Limited"; VariantName = "[No Variations]"
Added Component: Designator=J1(KF4-5.08)
Add component (AddParameter): Name = "ComponentLink1 Description"; Value = "Manufacturer"; VariantName = "[No Variations]"
Add component (AddParameter): Name = "ComponentLink1 URL"; Value = "http://www.we-online.com"; VariantName = "[No Variations]"
Add component (AddParameter): Name = "ComponentLink2 Description"; Value = "Datasheet"; VariantName = "[No Variations]"
Add component (AddParameter): Name = "ComponentLink2 URL"; Value = "http://katalog.we-online.de/em/datasheet/6911337100xx.pdf"; VariantName = "[No Variations]"
Add component (AddParameter): Name = "Created By"; Value = "Baojun Chen"; VariantName = "[No Variations]"
Add component (AddParameter): Name = "Created Date"; Value = "4-Aug-15"; VariantName = "[No Variations]"
Add component (AddParameter): Name = "Manufacturer"; Value = "W¨¹rth Elektronik eiSos GmbH"; VariantName = "[No Variations]"
Add component (AddParameter): Name = "NoPins"; Value = "4"; VariantName = "[No Variations]"
Add component (AddParameter): Name = "PartNo"; Value = "691133710004"; VariantName = "[No Variations]"
Added Component: Designator=J2(KF2-5.08)
Add component (AddParameter): Name = "ComponentLink1 Description"; Value = "Manufacturer"; VariantName = "[No Variations]"
Add component (AddParameter): Name = "ComponentLink1URL"; Value = "http://www.we-online.com"; VariantName = "[No Variations]"
Add component (AddParameter): Name = "ComponentLink2 Description"; Value = "Datasheet"; VariantName = "[No Variations]"
Add component (AddParameter): Name = "ComponentLink2URL"; Value = "http://katalog.we-online.de/em/datasheet/6911031100xx.pdf"; VariantName = "[No Variations]"
Add component (AddParameter): Name = "Created by"; Value = "Karrer Zheng"; VariantName = "[No Variations]"
Add component (AddParameter): Name = "Created Date"; Value = "29 October 2013"; VariantName = "[No Variations]"
Add component (AddParameter): Name = "Manufacturer"; Value = "Würth Elektronik eiSos GmbH"; VariantName = "[No Variations]"
Add component (AddParameter): Name = "NoPins"; Value = "2"; VariantName = "[No Variations]"
Add component (AddParameter): Name = "partNo"; Value = "691103110002"; VariantName = "[No Variations]"
Added Component: Designator=J3(KF2-5.08)
Add component (AddParameter): Name = "ComponentLink1 Description"; Value = "Manufacturer"; VariantName = "[No Variations]"
Add component (AddParameter): Name = "ComponentLink1URL"; Value = "http://www.we-online.com"; VariantName = "[No Variations]"
Add component (AddParameter): Name = "ComponentLink2 Description"; Value = "Datasheet"; VariantName = "[No Variations]"
Add component (AddParameter): Name = "ComponentLink2URL"; Value = "http://katalog.we-online.de/em/datasheet/6911031100xx.pdf"; VariantName = "[No Variations]"
Add component (AddParameter): Name = "Created by"; Value = "Karrer Zheng"; VariantName = "[No Variations]"
Add component (AddParameter): Name = "Created Date"; Value = "29 October 2013"; VariantName = "[No Variations]"
Add component (AddParameter): Name = "Manufacturer"; Value = "Würth Elektronik eiSos GmbH"; VariantName = "[No Variations]"
Add component (AddParameter): Name = "NoPins"; Value = "2"; VariantName = "[No Variations]"
Add component (AddParameter): Name = "partNo"; Value = "691103110002"; VariantName = "[No Variations]"
Added Component: Designator=J4(KF3-5.08)
Add component (AddParameter): Name = "ComponentLink1 Description"; Value = "Manufacturer"; VariantName = "[No Variations]"
Add component (AddParameter): Name = "ComponentLink1URL"; Value = "http://www.we-online.com"; VariantName = "[No Variations]"
Add component (AddParameter): Name = "ComponentLink2 Description"; Value = "Datasheet"; VariantName = "[No Variations]"
Add component (AddParameter): Name = "ComponentLink2URL"; Value = "http://katalog.we-online.de/em/datasheet/6911031100xx.pdf"; VariantName = "[No Variations]"
Add component (AddParameter): Name = "Created by"; Value = "Karrer Zheng"; VariantName = "[No Variations]"
Add component (AddParameter): Name = "Created Date"; Value = "29 October 2013"; VariantName = "[No Variations]"
Add component (AddParameter): Name = "Manufacturer"; Value = "Würth Elektronik eiSos GmbH"; VariantName = "[No Variations]"
Add component (AddParameter): Name = "NoPins"; Value = "3"; VariantName = "[No Variations]"
Add component (AddParameter): Name = "partNo"; Value = "691103110003"; VariantName = "[No Variations]"
Added Component: Designator=J5(KF2-5.08)
Add component (AddParameter): Name = "ComponentLink1 Description"; Value = "Manufacturer"; VariantName = "[No Variations]"
Add component (AddParameter): Name = "ComponentLink1URL"; Value = "http://www.we-online.com"; VariantName = "[No Variations]"
Add component (AddParameter): Name = "ComponentLink2 Description"; Value = "Datasheet"; VariantName = "[No Variations]"
Add component (AddParameter): Name = "ComponentLink2URL"; Value = "http://katalog.we-online.de/em/datasheet/6911031100xx.pdf"; VariantName = "[No Variations]"
Add component (AddParameter): Name = "Created by"; Value = "Karrer Zheng"; VariantName = "[No Variations]"
Add component (AddParameter): Name = "Created Date"; Value = "29 October 2013"; VariantName = "[No Variations]"
Add component (AddParameter): Name = "Manufacturer"; Value = "Würth Elektronik eiSos GmbH"; VariantName = "[No Variations]"
Add component (AddParameter): Name = "NoPins"; Value = "2"; VariantName = "[No Variations]"
Add component (AddParameter): Name = "partNo"; Value = "691103110002"; VariantName = "[No Variations]"
Added Component: Designator=JDC1(DC0)
Add component (AddParameter): Name = "Value"; Value = "Jac DC"; VariantName = "[No Variations]"
Added Component: Designator=LED1(LED-3MM-RED)
Add component (AddParameter): Name = "Value"; Value = "LED 3 ly Single Colour"; VariantName = "[No Variations]"
Added Component: Designator=M1(NRF24L01)
Added Component: Designator=R1(RES-1/4W)
Add component (AddParameter): Name = "Class"; Value = "Passive"; VariantName = "[No Variations]"
Add component (AddParameter): Name = "Manufacturer"; Value = "Generic Components"; VariantName = "[No Variations]"
Add component (AddParameter): Name = "Published"; Value = "08/06/2000"; VariantName = "[No Variations]"
Add component (AddParameter): Name = "Publisher"; Value = "Altium Hobart Technology Centre"; VariantName = "[No Variations]"
Add component (AddParameter): Name = "SubClass"; Value = "R"; VariantName = "[No Variations]"
Added Component: Designator=R2(RES-1/4W)
Add component (AddParameter): Name = "Class"; Value = "Passive"; VariantName = "[No Variations]"
Add component (AddParameter): Name = "Manufacturer"; Value = "Generic Components"; VariantName = "[No Variations]"
Add component (AddParameter): Name = "Published"; Value = "08/06/2000"; VariantName = "[No Variations]"
Add component (AddParameter): Name = "Publisher"; Value = "Altium Hobart Technology Centre"; VariantName = "[No Variations]"
Add component (AddParameter): Name = "SubClass"; Value = "R"; VariantName = "[No Variations]"
Added Component: Designator=R3(RES-1/4W)
Add component (AddParameter): Name = "Class"; Value = "Passive"; VariantName = "[No Variations]"
Add component (AddParameter): Name = "Manufacturer"; Value = "Generic Components"; VariantName = "[No Variations]"
Add component (AddParameter): Name = "Published"; Value = "08/06/2000"; VariantName = "[No Variations]"
Add component (AddParameter): Name = "Publisher"; Value = "Altium Hobart Technology Centre"; VariantName = "[No Variations]"
Add component (AddParameter): Name = "SubClass"; Value = "R"; VariantName = "[No Variations]"
Added Component: Designator=R4(RES-1/4W)
Add component (AddParameter): Name = "Class"; Value = "Passive"; VariantName = "[No Variations]"
Add component (AddParameter): Name = "Manufacturer"; Value = "Generic Components"; VariantName = "[No Variations]"
Add component (AddParameter): Name = "Published"; Value = "08/06/2000"; VariantName = "[No Variations]"
Add component (AddParameter): Name = "Publisher"; Value = "Altium Hobart Technology Centre"; VariantName = "[No Variations]"
Add component (AddParameter): Name = "SubClass"; Value = "R"; VariantName = "[No Variations]"
Added Component: Designator=R5(RES-1/4W)
Add component (AddParameter): Name = "Class"; Value = "Passive"; VariantName = "[No Variations]"
Add component (AddParameter): Name = "Manufacturer"; Value = "Generic Components"; VariantName = "[No Variations]"
Add component (AddParameter): Name = "Published"; Value = "08/06/2000"; VariantName = "[No Variations]"
Add component (AddParameter): Name = "Publisher"; Value = "Altium Hobart Technology Centre"; VariantName = "[No Variations]"
Add component (AddParameter): Name = "SubClass"; Value = "R"; VariantName = "[No Variations]"
Added Component: Designator=R6(RES-1/4W)
Add component (AddParameter): Name = "Class"; Value = "Passive"; VariantName = "[No Variations]"
Add component (AddParameter): Name = "Manufacturer"; Value = "Generic Components"; VariantName = "[No Variations]"
Add component (AddParameter): Name = "Published"; Value = "08/06/2000"; VariantName = "[No Variations]"
Add component (AddParameter): Name = "Publisher"; Value = "Altium Hobart Technology Centre"; VariantName = "[No Variations]"
Add component (AddParameter): Name = "SubClass"; Value = "R"; VariantName = "[No Variations]"
Added Component: Designator=SW1(SW2-DIP)
Add component (AddParameter): Name = "Value"; Value = "Button chip 4 pin"; VariantName = "[No Variations]"
Added Component: Designator=SW2(SW2-DIP)
Add component (AddParameter): Name = "Value"; Value = "Button chip 4 pin"; VariantName = "[No Variations]"
Added Component: Designator=SW3(SW2-DIP)
Add component (AddParameter): Name = "Value"; Value = "Button chip 4 pin"; VariantName = "[No Variations]"
Added Component: Designator=SW4(SW2-DIP)
Add component (AddParameter): Name = "Value"; Value = "Button chip 4 pin"; VariantName = "[No Variations]"
Added Component: Designator=U1(SOT223)
Add component (AddParameter): Name = "Creator"; Value = "Nguyen Ba Bien"; VariantName = "[No Variations]"
Add component (AddParameter): Name = "Website"; Value = "http://group3i.net"; VariantName = "[No Variations]"
Added Pin To Net: NetName=+3.3 Pin=C1-2
Added Pin To Net: NetName=+3.3 Pin=C8-2
Added Pin To Net: NetName=+3.3 Pin=C9-2
Added Pin To Net: NetName=+3.3 Pin=M1-8
Added Pin To Net: NetName=+3.3 Pin=U1-2
Added Net: Name=+3.3
Added Pin To Net: NetName=+5 Pin=Arduino1-5V
Added Pin To Net: NetName=+5 Pin=C2-2
Added Pin To Net: NetName=+5 Pin=C3-2
Added Pin To Net: NetName=+5 Pin=C4-1
Added Pin To Net: NetName=+5 Pin=C5-2
Added Pin To Net: NetName=+5 Pin=C6-1
Added Pin To Net: NetName=+5 Pin=C7-2
Added Pin To Net: NetName=+5 Pin=IC1-3
Added Pin To Net: NetName=+5 Pin=J2-2
Added Pin To Net: NetName=+5 Pin=J3-2
Added Pin To Net: NetName=+5 Pin=J4-3
Added Pin To Net: NetName=+5 Pin=J5-2
Added Pin To Net: NetName=+5 Pin=R1-1
Added Pin To Net: NetName=+5 Pin=R2-1
Added Pin To Net: NetName=+5 Pin=R3-1
Added Pin To Net: NetName=+5 Pin=R4-1
Added Pin To Net: NetName=+5 Pin=R5-1
Added Pin To Net: NetName=+5 Pin=R6-2
Added Pin To Net: NetName=+5 Pin=U1-3
Added Net: Name=+5
Added Pin To Net: NetName=+12 Pin=C10-1
Added Pin To Net: NetName=+12 Pin=C11-1
Added Pin To Net: NetName=+12 Pin=IC1-1
Added Pin To Net: NetName=+12 Pin=J1-4
Added Pin To Net: NetName=+12 Pin=JDC1-1
Added Net: Name=+12
Added Pin To Net: NetName=CE Pin=Arduino1-D7
Added Pin To Net: NetName=CE Pin=M1-2
Added Net: Name=CE
Added Pin To Net: NetName=CSN Pin=Arduino1-D8
Added Pin To Net: NetName=CSN Pin=M1-7
Added Net: Name=CSN
Added Pin To Net: NetName=GND Pin=Arduino1-GND
Added Pin To Net: NetName=GND Pin=Arduino1-GND
Added Pin To Net: NetName=GND Pin=C1-1
Added Pin To Net: NetName=GND Pin=C2-1
Added Pin To Net: NetName=GND Pin=C3-1
Added Pin To Net: NetName=GND Pin=C4-2
Added Pin To Net: NetName=GND Pin=C5-1
Added Pin To Net: NetName=GND Pin=C6-2
Added Pin To Net: NetName=GND Pin=C7-1
Added Pin To Net: NetName=GND Pin=C8-1
Added Pin To Net: NetName=GND Pin=C9-1
Added Pin To Net: NetName=GND Pin=C10-2
Added Pin To Net: NetName=GND Pin=C11-2
Added Pin To Net: NetName=GND Pin=IC1-2
Added Pin To Net: NetName=GND Pin=J4-1
Added Pin To Net: NetName=GND Pin=JDC1-2
Added Pin To Net: NetName=GND Pin=LED1-2
Added Pin To Net: NetName=GND Pin=M1-1
Added Pin To Net: NetName=GND Pin=SW1-2
Added Pin To Net: NetName=GND Pin=SW1-3
Added Pin To Net: NetName=GND Pin=SW2-2
Added Pin To Net: NetName=GND Pin=SW2-3
Added Pin To Net: NetName=GND Pin=SW3-2
Added Pin To Net: NetName=GND Pin=SW3-3
Added Pin To Net: NetName=GND Pin=SW4-2
Added Pin To Net: NetName=GND Pin=SW4-3
Added Pin To Net: NetName=GND Pin=U1-1
Added Net: Name=GND
Added Pin To Net: NetName=Led_B Pin=Arduino1-A2
Added Pin To Net: NetName=Led_B Pin=J1-1
Added Net: Name=Led_B
Added Pin To Net: NetName=Led_Digital Pin=Arduino1-A4
Added Pin To Net: NetName=Led_Digital Pin=J3-1
Added Net: Name=Led_Digital
Added Pin To Net: NetName=Led_dimer Pin=Arduino1-A3
Added Pin To Net: NetName=Led_dimer Pin=J2-1
Added Net: Name=Led_dimer
Added Pin To Net: NetName=Led_G Pin=Arduino1-A1
Added Net: Name=Led_G
Added Pin To Net: NetName=Led_R Pin=Arduino1-A0
Added Pin To Net: NetName=Led_R Pin=J1-3
Added Net: Name=Led_R
Added Pin To Net: NetName=Led_sensor Pin=Arduino1-A5
Added Pin To Net: NetName=Led_sensor Pin=J5-1
Added Net: Name=Led_sensor
Added Pin To Net: NetName=MISO Pin=Arduino1-D12
Added Pin To Net: NetName=MISO Pin=M1-4
Added Net: Name=MISO
Added Pin To Net: NetName=MOSI Pin=Arduino1-D11
Added Pin To Net: NetName=MOSI Pin=M1-6
Added Net: Name=MOSI
Added Pin To Net: NetName=NetLED1_1 Pin=LED1-1
Added Pin To Net: NetName=NetLED1_1 Pin=R6-1
Added Net: Name=NetLED1_1
Added Pin To Net: NetName=SCK Pin=Arduino1-D13
Added Pin To Net: NetName=SCK Pin=M1-3
Added Net: Name=SCK
Added Pin To Net: NetName=sensor Pin=Arduino1-D6
Added Pin To Net: NetName=sensor Pin=J4-2
Added Pin To Net: NetName=sensor Pin=R5-2
Added Net: Name=sensor
Added Pin To Net: NetName=SW_1 Pin=Arduino1-D5
Added Pin To Net: NetName=SW_1 Pin=R1-2
Added Pin To Net: NetName=SW_1 Pin=SW1-1
Added Pin To Net: NetName=SW_1 Pin=SW1-4
Added Net: Name=SW_1
Added Pin To Net: NetName=SW_2 Pin=Arduino1-D4
Added Pin To Net: NetName=SW_2 Pin=R2-2
Added Pin To Net: NetName=SW_2 Pin=SW2-1
Added Pin To Net: NetName=SW_2 Pin=SW2-4
Added Net: Name=SW_2
Added Pin To Net: NetName=SW_3 Pin=Arduino1-D3
Added Pin To Net: NetName=SW_3 Pin=R3-2
Added Pin To Net: NetName=SW_3 Pin=SW3-1
Added Pin To Net: NetName=SW_3 Pin=SW3-4
Added Net: Name=SW_3
Added Pin To Net: NetName=SW_4 Pin=Arduino1-D2
Added Pin To Net: NetName=SW_4 Pin=R4-2
Added Pin To Net: NetName=SW_4 Pin=SW4-1
Added Pin To Net: NetName=SW_4 Pin=SW4-4
Added Net: Name=SW_4
Added Class: Name=Slave
Added Room: Name=Slave
